{
  "RSpec": {
    "coverage": {
      "/home/jorgeavelar/Projects/templates/fapi/app/controllers/customers_controller.rb": {
        "lines": [
          1,
          1,
          null,
          null,
          1,
          0,
          null,
          0,
          null,
          null,
          null,
          1,
          0,
          null,
          null,
          null,
          1,
          0,
          null,
          0,
          0,
          null,
          0,
          null,
          null,
          null,
          null,
          1,
          0,
          0,
          null,
          0,
          null,
          null,
          null,
          null,
          1,
          0,
          null,
          null,
          1,
          null,
          1,
          0,
          null,
          null,
          null,
          1,
          0,
          null,
          null
        ]
      },
      "/home/jorgeavelar/Projects/templates/fapi/app/controllers/application_controller.rb": {
        "lines": [
          1,
          null
        ]
      },
      "/home/jorgeavelar/Projects/templates/fapi/app/models/customer.rb": {
        "lines": [
          1,
          null
        ]
      },
      "/home/jorgeavelar/Projects/templates/fapi/app/models/application_record.rb": {
        "lines": [
          1,
          1,
          null
        ]
      },
      "/home/jorgeavelar/Projects/templates/fapi/app/mailers/application_mailer.rb": {
        "lines": [
          0,
          0,
          0,
          0
        ],
        "branches": {
        }
      },
      "/home/jorgeavelar/Projects/templates/fapi/app/channels/application_cable/channel.rb": {
        "lines": [
          0,
          0,
          0,
          0
        ],
        "branches": {
        }
      },
      "/home/jorgeavelar/Projects/templates/fapi/app/channels/application_cable/connection.rb": {
        "lines": [
          0,
          0,
          0,
          0
        ],
        "branches": {
        }
      },
      "/home/jorgeavelar/Projects/templates/fapi/app/jobs/application_job.rb": {
        "lines": [
          0,
          null,
          null,
          null,
          null,
          null,
          0
        ],
        "branches": {
        }
      }
    },
    "timestamp": 1602722105
  }
}
